<?xml version="1.0" encoding="UTF-8"?>
<!-- Generated by org.testng.reporters.JUnitReportReporter -->
<testsuite hostname="Momens-MacBook-Air.local" failures="0" tests="1" name="tests.SearchTest" time="5.128" errors="0" timestamp="2023-08-16T17:15:16 EET" skipped="0">
  <testcase classname="tests.SearchTest" name="searchTest1" time="5.128"/>
</testsuite> <!-- tests.SearchTest -->
